<?xml version="1.0" encoding="UTF-8"?>
<!-- Generated by org.testng.reporters.JUnitReportReporter -->
<testsuite hostname="Vineeth" failures="0" tests="1" name="testScripts.AddToCartTest" time="64.384" errors="0" timestamp="2023-05-25T08:40:04 IST" skipped="0">
  <testcase classname="testScripts.AddToCartTest" name="addToCartTest" time="64.384"/>
  <system-out/>
</testsuite> <!-- testScripts.AddToCartTest -->
